<?xml version="1.0" encoding="UTF-8"?>
<testng-results ignored="0" total="1" passed="1" failed="0" skipped="0">
  <reporter-output>
  </reporter-output>
  <suite started-at="2025-03-09T23:24:31 IST" name="Default suite" finished-at="2025-03-09T23:25:23 IST" duration-ms="51772">
    <groups>
    </groups>
    <test started-at="2025-03-09T23:24:31 IST" name="Default test" finished-at="2025-03-09T23:25:23 IST" duration-ms="51772">
      <class name="seleniumPractice.seleniumPractice">
        <test-method is-config="true" signature="initiateBrowser()[pri:0, instance:seleniumPractice.seleniumPractice@4738a206]" started-at="2025-03-09T23:24:31 IST" name="initiateBrowser" finished-at="2025-03-09T23:24:44 IST" duration-ms="13243" status="PASS">
          <reporter-output>
          </reporter-output>
        </test-method> <!-- initiateBrowser -->
        <test-method signature="test3()[pri:0, instance:seleniumPractice.seleniumPractice@4738a206]" started-at="2025-03-09T23:24:44 IST" name="test3" finished-at="2025-03-09T23:25:22 IST" duration-ms="38457" status="PASS">
          <reporter-output>
          </reporter-output>
        </test-method> <!-- test3 -->
      </class> <!-- seleniumPractice.seleniumPractice -->
    </test> <!-- Default test -->
  </suite> <!-- Default suite -->
</testng-results>
